[ 2014-07-10T16:41:28+08:00 ] 127.0.0.1 /sscode/index.php/User/reg
INFO: [ route_check ] --START--
INFO: Run CheckRoute Behavior [ RunTime:0.001221s ]
INFO: [ route_check ] --END-- [ RunTime:0.001375s ]
INFO: [ app_begin ] --START--
INFO: Run ReadHtmlCache Behavior [ RunTime:-0.001109s ]
INFO: [ app_begin ] --END-- [ RunTime:0.001018s ]
INFO: [ view_template ] --START--
INFO: Run LocationTemplate Behavior [ RunTime:-0.003581s ]
INFO: [ view_template ] --END-- [ RunTime:0.020205s ]
INFO: [ view_parse ] --START--
INFO: Run ParseTemplate Behavior [ RunTime:-0.023896s ]
INFO: [ view_parse ] --END-- [ RunTime:0.022808s ]
INFO: [ view_filter ] --START--
INFO: Run ContentReplace Behavior [ RunTime:-0.046804s ]
INFO: Run TokenBuild Behavior [ RunTime:-0.047688s ]
INFO: Run WriteHtmlCache Behavior [ RunTime:-0.061456s ]
INFO: Run ShowRuntime Behavior [ RunTime:-0.062151s ]
INFO: [ view_filter ] --END-- [ RunTime:0.018487s ]
INFO: [ view_end ] --START--
INFO: Run ShowPageTrace Behavior [ RunTime:-0.065551s ]
INFO: [ view_end ] --END-- [ RunTime:0.001228s ]

[ 2014-07-10T16:41:53+08:00 ] ERR: (ThinkException) 非法操作:index.php
[ 2014-07-10T16:42:31+08:00 ] ERR: (ThinkException) 非法操作:index.php
[ 2014-07-10T16:43:01+08:00 ] 127.0.0.1 /sscode/index.php/User/reg
INFO: [ route_check ] --START--
INFO: Run CheckRoute Behavior [ RunTime:0.001029s ]
INFO: [ route_check ] --END-- [ RunTime:0.001184s ]
INFO: [ app_begin ] --START--
INFO: Run ReadHtmlCache Behavior [ RunTime:-0.000845s ]
INFO: [ app_begin ] --END-- [ RunTime:0.001024s ]
INFO: [ view_template ] --START--
INFO: Run LocationTemplate Behavior [ RunTime:-0.003116s ]
INFO: [ view_template ] --END-- [ RunTime:0.001093s ]
INFO: [ view_parse ] --START--
INFO: Run ParseTemplate Behavior [ RunTime:-0.004312s ]
INFO: [ view_parse ] --END-- [ RunTime:0.009202s ]
INFO: [ view_filter ] --START--
INFO: Run ContentReplace Behavior [ RunTime:-0.013612s ]
INFO: Run TokenBuild Behavior [ RunTime:-0.014298s ]
INFO: Run WriteHtmlCache Behavior [ RunTime:-0.014944s ]
INFO: Run ShowRuntime Behavior [ RunTime:-0.015751s ]
INFO: [ view_filter ] --END-- [ RunTime:0.002998s ]
INFO: [ view_end ] --START--
INFO: Run ShowPageTrace Behavior [ RunTime:-0.016814s ]
INFO: [ view_end ] --END-- [ RunTime:0.001016s ]

[ 2014-07-10T16:43:05+08:00 ] ERR: (ThinkException) 非法操作:index.php
[ 2014-07-10T16:44:32+08:00 ] ERR: (ThinkException) 非法操作:index.php
[ 2014-07-10T16:44:36+08:00 ] 127.0.0.1 /sscode/index.php/User/reg
INFO: [ route_check ] --START--
INFO: Run CheckRoute Behavior [ RunTime:0.000979s ]
INFO: [ route_check ] --END-- [ RunTime:0.001134s ]
INFO: [ app_begin ] --START--
INFO: Run ReadHtmlCache Behavior [ RunTime:-0.000854s ]
INFO: [ app_begin ] --END-- [ RunTime:0.000910s ]
INFO: [ view_template ] --START--
INFO: Run LocationTemplate Behavior [ RunTime:-0.003059s ]
INFO: [ view_template ] --END-- [ RunTime:0.000921s ]
INFO: [ view_parse ] --START--
INFO: Run ParseTemplate Behavior [ RunTime:-0.004083s ]
INFO: [ view_parse ] --END-- [ RunTime:0.008850s ]
INFO: [ view_filter ] --START--
INFO: Run ContentReplace Behavior [ RunTime:-0.013341s ]
INFO: Run TokenBuild Behavior [ RunTime:-0.014047s ]
INFO: Run WriteHtmlCache Behavior [ RunTime:-0.014673s ]
INFO: Run ShowRuntime Behavior [ RunTime:-0.015122s ]
INFO: [ view_filter ] --END-- [ RunTime:0.002589s ]
INFO: [ view_end ] --START--
INFO: Run ShowPageTrace Behavior [ RunTime:-0.016063s ]
INFO: [ view_end ] --END-- [ RunTime:0.000981s ]

[ 2014-07-10T16:44:41+08:00 ] ERR: (ThinkException) 非法操作:user
[ 2014-07-10T16:44:55+08:00 ] ERR: (ThinkException) 非法操作:user
[ 2014-07-10T16:44:58+08:00 ] 127.0.0.1 /sscode/index.php/User/reg
INFO: [ route_check ] --START--
INFO: Run CheckRoute Behavior [ RunTime:0.001045s ]
INFO: [ route_check ] --END-- [ RunTime:0.001204s ]
INFO: [ app_begin ] --START--
INFO: Run ReadHtmlCache Behavior [ RunTime:-0.000795s ]
INFO: [ app_begin ] --END-- [ RunTime:0.000887s ]
INFO: [ view_template ] --START--
INFO: Run LocationTemplate Behavior [ RunTime:-0.002966s ]
INFO: [ view_template ] --END-- [ RunTime:0.001139s ]
INFO: [ view_parse ] --START--
INFO: Run ParseTemplate Behavior [ RunTime:-0.004212s ]
INFO: [ view_parse ] --END-- [ RunTime:0.008418s ]
INFO: [ view_filter ] --START--
INFO: Run ContentReplace Behavior [ RunTime:-0.012728s ]
INFO: Run TokenBuild Behavior [ RunTime:-0.013366s ]
INFO: Run WriteHtmlCache Behavior [ RunTime:-0.014284s ]
INFO: Run ShowRuntime Behavior [ RunTime:-0.014798s ]
INFO: [ view_filter ] --END-- [ RunTime:0.002892s ]
INFO: [ view_end ] --START--
INFO: Run ShowPageTrace Behavior [ RunTime:-0.015772s ]
INFO: [ view_end ] --END-- [ RunTime:0.000918s ]

[ 2014-07-10T16:45:02+08:00 ] 127.0.0.1 /sscode/index.php/User/add?password=123
INFO: [ route_check ] --START--
INFO: Run CheckRoute Behavior [ RunTime:0.001039s ]
INFO: [ route_check ] --END-- [ RunTime:0.001199s ]
INFO: [ app_begin ] --START--
INFO: Run ReadHtmlCache Behavior [ RunTime:-0.001060s ]
INFO: [ app_begin ] --END-- [ RunTime:0.000923s ]

[ 2014-07-10T16:46:24+08:00 ] 127.0.0.1 /sscode/index.php/User/reg
INFO: [ route_check ] --START--
INFO: Run CheckRoute Behavior [ RunTime:0.001335s ]
INFO: [ route_check ] --END-- [ RunTime:0.001497s ]
INFO: [ app_begin ] --START--
INFO: Run ReadHtmlCache Behavior [ RunTime:-0.000800s ]
INFO: [ app_begin ] --END-- [ RunTime:0.000900s ]
INFO: [ view_template ] --START--
INFO: Run LocationTemplate Behavior [ RunTime:-0.003140s ]
INFO: [ view_template ] --END-- [ RunTime:0.000993s ]
INFO: [ view_parse ] --START--
INFO: Run ParseTemplate Behavior [ RunTime:-0.004239s ]
INFO: [ view_parse ] --END-- [ RunTime:0.024536s ]
INFO: [ view_filter ] --START--
INFO: Run ContentReplace Behavior [ RunTime:-0.028892s ]
INFO: Run TokenBuild Behavior [ RunTime:-0.029598s ]
INFO: Run WriteHtmlCache Behavior [ RunTime:-0.030263s ]
INFO: Run ShowRuntime Behavior [ RunTime:-0.030723s ]
INFO: [ view_filter ] --END-- [ RunTime:0.002646s ]
INFO: [ view_end ] --START--
INFO: Run ShowPageTrace Behavior [ RunTime:-0.032023s ]
INFO: [ view_end ] --END-- [ RunTime:0.001122s ]

[ 2014-07-10T16:46:29+08:00 ] 127.0.0.1 /sscode/index.php/User/add?password=123
INFO: [ route_check ] --START--
INFO: Run CheckRoute Behavior [ RunTime:0.001033s ]
INFO: [ route_check ] --END-- [ RunTime:0.001189s ]
INFO: [ app_begin ] --START--
INFO: Run ReadHtmlCache Behavior [ RunTime:-0.001022s ]
INFO: [ app_begin ] --END-- [ RunTime:0.000965s ]
NOTIC: [8] Use of undefined constant user - assumed 'user' D:\wuliao\wamp\www\sscode\App\Lib\Action\UserAction.class.php 第 5 行.

[ 2014-07-10T16:51:26+08:00 ] 127.0.0.1 /sscode/index.php/User/add?password=123
INFO: [ route_check ] --START--
INFO: Run CheckRoute Behavior [ RunTime:0.001043s ]
INFO: [ route_check ] --END-- [ RunTime:0.001199s ]
INFO: [ app_begin ] --START--
INFO: Run ReadHtmlCache Behavior [ RunTime:-0.000831s ]
INFO: [ app_begin ] --END-- [ RunTime:0.000952s ]
SQL: SHOW COLUMNS FROM `lu_user` [ RunTime:0.002407s ]

[ 2014-07-10T16:51:29+08:00 ] 127.0.0.1 /sscode/index.php/User/reg
INFO: [ route_check ] --START--
INFO: Run CheckRoute Behavior [ RunTime:0.000971s ]
INFO: [ route_check ] --END-- [ RunTime:0.001125s ]
INFO: [ app_begin ] --START--
INFO: Run ReadHtmlCache Behavior [ RunTime:-0.000774s ]
INFO: [ app_begin ] --END-- [ RunTime:0.000872s ]
INFO: [ view_template ] --START--
INFO: Run LocationTemplate Behavior [ RunTime:-0.003180s ]
INFO: [ view_template ] --END-- [ RunTime:0.001247s ]
INFO: [ view_parse ] --START--
INFO: Run ParseTemplate Behavior [ RunTime:-0.004540s ]
INFO: [ view_parse ] --END-- [ RunTime:0.008398s ]
INFO: [ view_filter ] --START--
INFO: Run ContentReplace Behavior [ RunTime:-0.013034s ]
INFO: Run TokenBuild Behavior [ RunTime:-0.014006s ]
INFO: Run WriteHtmlCache Behavior [ RunTime:-0.014708s ]
INFO: Run ShowRuntime Behavior [ RunTime:-0.015163s ]
INFO: [ view_filter ] --END-- [ RunTime:0.002906s ]
INFO: [ view_end ] --START--
INFO: Run ShowPageTrace Behavior [ RunTime:-0.016088s ]
INFO: [ view_end ] --END-- [ RunTime:0.000910s ]

[ 2014-07-10T16:51:33+08:00 ] 127.0.0.1 /sscode/index.php/User/add?password=123
INFO: [ route_check ] --START--
INFO: Run CheckRoute Behavior [ RunTime:0.000960s ]
INFO: [ route_check ] --END-- [ RunTime:0.001118s ]
INFO: [ app_begin ] --START--
INFO: Run ReadHtmlCache Behavior [ RunTime:-0.000774s ]
INFO: [ app_begin ] --END-- [ RunTime:0.000934s ]
SQL: SHOW COLUMNS FROM `lu_user` [ RunTime:0.002331s ]

[ 2014-07-10T16:51:49+08:00 ] 127.0.0.1 /sscode/index.php/User/add?password=123
INFO: [ route_check ] --START--
INFO: Run CheckRoute Behavior [ RunTime:0.000987s ]
INFO: [ route_check ] --END-- [ RunTime:0.001141s ]
INFO: [ app_begin ] --START--
INFO: Run ReadHtmlCache Behavior [ RunTime:-0.000776s ]
INFO: [ app_begin ] --END-- [ RunTime:0.000960s ]
SQL: SHOW COLUMNS FROM `lu_user` [ RunTime:0.002424s ]

[ 2014-07-10T16:52:07+08:00 ] 127.0.0.1 /sscode/index.php/User/add
INFO: [ route_check ] --START--
INFO: Run CheckRoute Behavior [ RunTime:0.000969s ]
INFO: [ route_check ] --END-- [ RunTime:0.001166s ]
INFO: [ app_begin ] --START--
INFO: Run ReadHtmlCache Behavior [ RunTime:-0.000839s ]
INFO: [ app_begin ] --END-- [ RunTime:0.000920s ]
SQL: SHOW COLUMNS FROM `lu_user` [ RunTime:0.002417s ]

[ 2014-07-10T16:52:12+08:00 ] 127.0.0.1 /sscode/index.php/User/add?password=123
INFO: [ route_check ] --START--
INFO: Run CheckRoute Behavior [ RunTime:0.000998s ]
INFO: [ route_check ] --END-- [ RunTime:0.001156s ]
INFO: [ app_begin ] --START--
INFO: Run ReadHtmlCache Behavior [ RunTime:-0.000797s ]
INFO: [ app_begin ] --END-- [ RunTime:0.000880s ]
SQL: SHOW COLUMNS FROM `lu_user` [ RunTime:0.002420s ]

[ 2014-07-10T16:52:15+08:00 ] 127.0.0.1 /sscode/index.php/User/add?password=123
INFO: [ route_check ] --START--
INFO: Run CheckRoute Behavior [ RunTime:0.000961s ]
INFO: [ route_check ] --END-- [ RunTime:0.001113s ]
INFO: [ app_begin ] --START--
INFO: Run ReadHtmlCache Behavior [ RunTime:-0.000777s ]
INFO: [ app_begin ] --END-- [ RunTime:0.000942s ]
SQL: SHOW COLUMNS FROM `lu_user` [ RunTime:0.002405s ]

[ 2014-07-10T16:53:18+08:00 ] 127.0.0.1 /sscode/index.php/User/reg
INFO: [ route_check ] --START--
INFO: Run CheckRoute Behavior [ RunTime:0.001049s ]
INFO: [ route_check ] --END-- [ RunTime:0.001205s ]
INFO: [ app_begin ] --START--
INFO: Run ReadHtmlCache Behavior [ RunTime:-0.000788s ]
INFO: [ app_begin ] --END-- [ RunTime:0.000881s ]
INFO: [ view_template ] --START--
INFO: Run LocationTemplate Behavior [ RunTime:-0.003025s ]
INFO: [ view_template ] --END-- [ RunTime:0.001518s ]
INFO: [ view_parse ] --START--
INFO: Run ParseTemplate Behavior [ RunTime:-0.004623s ]
INFO: [ view_parse ] --END-- [ RunTime:0.008434s ]
INFO: [ view_filter ] --START--
INFO: Run ContentReplace Behavior [ RunTime:-0.013138s ]
INFO: Run TokenBuild Behavior [ RunTime:-0.013760s ]
INFO: Run WriteHtmlCache Behavior [ RunTime:-0.014386s ]
INFO: Run ShowRuntime Behavior [ RunTime:-0.014825s ]
INFO: [ view_filter ] --END-- [ RunTime:0.002548s ]
INFO: [ view_end ] --START--
INFO: Run ShowPageTrace Behavior [ RunTime:-0.015835s ]
INFO: [ view_end ] --END-- [ RunTime:0.000926s ]

[ 2014-07-10T16:53:21+08:00 ] ERR: (ThinkException) 非法操作:user
[ 2014-07-10T16:53:57+08:00 ] 127.0.0.1 /sscode/index.php/User/reg
INFO: [ route_check ] --START--
INFO: Run CheckRoute Behavior [ RunTime:0.001405s ]
INFO: [ route_check ] --END-- [ RunTime:0.001567s ]
INFO: [ app_begin ] --START--
INFO: Run ReadHtmlCache Behavior [ RunTime:-0.001016s ]
INFO: [ app_begin ] --END-- [ RunTime:0.000977s ]
INFO: [ view_template ] --START--
INFO: Run LocationTemplate Behavior [ RunTime:-0.003359s ]
INFO: [ view_template ] --END-- [ RunTime:0.000965s ]
INFO: [ view_parse ] --START--
INFO: Run ParseTemplate Behavior [ RunTime:-0.004427s ]
INFO: [ view_parse ] --END-- [ RunTime:0.008392s ]
INFO: [ view_filter ] --START--
INFO: Run ContentReplace Behavior [ RunTime:-0.012916s ]
INFO: Run TokenBuild Behavior [ RunTime:-0.013551s ]
INFO: Run WriteHtmlCache Behavior [ RunTime:-0.014201s ]
INFO: Run ShowRuntime Behavior [ RunTime:-0.014659s ]
INFO: [ view_filter ] --END-- [ RunTime:0.002611s ]
INFO: [ view_end ] --START--
INFO: Run ShowPageTrace Behavior [ RunTime:-0.015679s ]
INFO: [ view_end ] --END-- [ RunTime:0.000938s ]

[ 2014-07-10T16:53:59+08:00 ] ERR: (ThinkException) 非法操作:user
[ 2014-07-10T16:55:21+08:00 ] ERR: (ThinkException) 非法操作:user
[ 2014-07-10T16:55:30+08:00 ] ERR: (ThinkException) 非法操作:user
[ 2014-07-10T16:55:50+08:00 ] ERR: (ThinkException) 非法操作:user
[ 2014-07-10T16:58:07+08:00 ] ERR: (ThinkException) 非法操作:user
[ 2014-07-10T16:59:19+08:00 ] ERR: (ThinkException) 非法操作:user
[ 2014-07-10T17:01:36+08:00 ] ERR: (ThinkException) 非法操作:user
[ 2014-07-10T17:01:39+08:00 ] ERR: (ThinkException) 非法操作:user
[ 2014-07-10T17:01:45+08:00 ] ERR: (ThinkException) 非法操作:user
[ 2014-07-10T17:03:29+08:00 ] ERR: (ThinkException) 非法操作:user
[ 2014-07-10T17:03:42+08:00 ] ERR: (ThinkException) 非法操作:user
[ 2014-07-10T17:03:49+08:00 ] ERR: (ThinkException) 非法操作:user
[ 2014-07-10T17:04:10+08:00 ] ERR: (ThinkException) 非法操作:user
[ 2014-07-10T17:04:27+08:00 ] ERR: (ThinkException) 非法操作:user
[ 2014-07-10T17:06:37+08:00 ] ERR: (ThinkException) 非法操作:user
[ 2014-07-10T17:06:53+08:00 ] ERR: (ThinkException) 非法操作:user
[ 2014-07-10T17:10:25+08:00 ] ERR: (ThinkException) 非法操作:user
[ 2014-07-10T17:10:27+08:00 ] ERR: (ThinkException) 非法操作:user
[ 2014-07-10T17:10:27+08:00 ] ERR: (ThinkException) 非法操作:user
[ 2014-07-10T17:10:27+08:00 ] ERR: (ThinkException) 非法操作:user
[ 2014-07-10T17:10:28+08:00 ] ERR: (ThinkException) 非法操作:user
[ 2014-07-10T17:10:29+08:00 ] ERR: (ThinkException) 非法操作:user
[ 2014-07-10T17:10:29+08:00 ] ERR: (ThinkException) 非法操作:user
[ 2014-07-10T17:10:29+08:00 ] ERR: (ThinkException) 非法操作:user
[ 2014-07-10T17:10:29+08:00 ] ERR: (ThinkException) 非法操作:user
[ 2014-07-10T17:10:30+08:00 ] ERR: (ThinkException) 非法操作:user
[ 2014-07-10T17:10:35+08:00 ] ERR: (ThinkException) 非法操作:user
[ 2014-07-10T17:10:36+08:00 ] ERR: (ThinkException) 非法操作:user
[ 2014-07-10T17:10:36+08:00 ] ERR: (ThinkException) 非法操作:user
[ 2014-07-10T17:10:39+08:00 ] ERR: (ThinkException) 非法操作:user
[ 2014-07-10T17:10:40+08:00 ] ERR: (ThinkException) 非法操作:user
[ 2014-07-10T17:10:41+08:00 ] ERR: (ThinkException) 非法操作:user
[ 2014-07-10T17:10:41+08:00 ] ERR: (ThinkException) 非法操作:user
[ 2014-07-10T17:10:41+08:00 ] ERR: (ThinkException) 非法操作:user
[ 2014-07-10T17:10:53+08:00 ] 127.0.0.1 /sscode/index.php/User/add
INFO: [ route_check ] --START--
INFO: Run CheckRoute Behavior [ RunTime:0.000819s ]
INFO: [ route_check ] --END-- [ RunTime:0.000979s ]
INFO: [ app_begin ] --START--
INFO: Run ReadHtmlCache Behavior [ RunTime:-0.000701s ]
INFO: [ app_begin ] --END-- [ RunTime:0.000947s ]

[ 2014-07-10T17:11:51+08:00 ] 127.0.0.1 /sscode/index.php/User/add
INFO: [ route_check ] --START--
INFO: Run CheckRoute Behavior [ RunTime:0.000840s ]
INFO: [ route_check ] --END-- [ RunTime:0.000993s ]
INFO: [ app_begin ] --START--
INFO: Run ReadHtmlCache Behavior [ RunTime:-0.000702s ]
INFO: [ app_begin ] --END-- [ RunTime:0.000756s ]

[ 2014-07-10T17:12:30+08:00 ] 127.0.0.1 /sscode/index.php/User/add
INFO: [ route_check ] --START--
INFO: Run CheckRoute Behavior [ RunTime:0.000841s ]
INFO: [ route_check ] --END-- [ RunTime:0.000993s ]
INFO: [ app_begin ] --START--
INFO: Run ReadHtmlCache Behavior [ RunTime:-0.000689s ]
INFO: [ app_begin ] --END-- [ RunTime:0.000764s ]

[ 2014-07-10T17:13:28+08:00 ] 127.0.0.1 /sscode/index.php/User/reg
INFO: [ route_check ] --START--
INFO: Run CheckRoute Behavior [ RunTime:0.001057s ]
INFO: [ route_check ] --END-- [ RunTime:0.001210s ]
INFO: [ app_begin ] --START--
INFO: Run ReadHtmlCache Behavior [ RunTime:-0.000808s ]
INFO: [ app_begin ] --END-- [ RunTime:0.000814s ]
INFO: [ view_template ] --START--
INFO: Run LocationTemplate Behavior [ RunTime:-0.002757s ]
INFO: [ view_template ] --END-- [ RunTime:0.000876s ]
INFO: [ view_parse ] --START--
INFO: Run ParseTemplate Behavior [ RunTime:-0.003739s ]
INFO: [ view_parse ] --END-- [ RunTime:0.008156s ]
INFO: [ view_filter ] --START--
INFO: Run ContentReplace Behavior [ RunTime:-0.011993s ]
INFO: Run TokenBuild Behavior [ RunTime:-0.012549s ]
INFO: Run WriteHtmlCache Behavior [ RunTime:-0.013126s ]
INFO: Run ShowRuntime Behavior [ RunTime:-0.013548s ]
INFO: [ view_filter ] --END-- [ RunTime:0.002326s ]
INFO: [ view_end ] --START--
INFO: Run ShowPageTrace Behavior [ RunTime:-0.014461s ]
INFO: [ view_end ] --END-- [ RunTime:0.000864s ]

[ 2014-07-10T17:13:30+08:00 ] ERR: (ThinkException) 非法操作:user
[ 2014-07-10T17:13:52+08:00 ] 127.0.0.1 /sscode/index.php/User/reg
INFO: [ route_check ] --START--
INFO: Run CheckRoute Behavior [ RunTime:0.000881s ]
INFO: [ route_check ] --END-- [ RunTime:0.001033s ]
INFO: [ app_begin ] --START--
INFO: Run ReadHtmlCache Behavior [ RunTime:-0.000696s ]
INFO: [ app_begin ] --END-- [ RunTime:0.000758s ]
INFO: [ view_template ] --START--
INFO: Run LocationTemplate Behavior [ RunTime:-0.002328s ]
INFO: [ view_template ] --END-- [ RunTime:0.000540s ]
INFO: [ view_parse ] --START--
INFO: Run ParseTemplate Behavior [ RunTime:-0.002969s ]
INFO: [ view_parse ] --END-- [ RunTime:0.007153s ]
INFO: [ view_filter ] --START--
INFO: Run ContentReplace Behavior [ RunTime:-0.010220s ]
INFO: Run TokenBuild Behavior [ RunTime:-0.010697s ]
INFO: Run WriteHtmlCache Behavior [ RunTime:-0.011202s ]
INFO: Run ShowRuntime Behavior [ RunTime:-0.011572s ]
INFO: [ view_filter ] --END-- [ RunTime:0.002050s ]
INFO: [ view_end ] --START--
INFO: Run ShowPageTrace Behavior [ RunTime:-0.012421s ]
INFO: [ view_end ] --END-- [ RunTime:0.001133s ]

[ 2014-07-10T17:13:53+08:00 ] 127.0.0.1 /sscode/index.php/User/add
INFO: [ route_check ] --START--
INFO: Run CheckRoute Behavior [ RunTime:0.000820s ]
INFO: [ route_check ] --END-- [ RunTime:0.000971s ]
INFO: [ app_begin ] --START--
INFO: Run ReadHtmlCache Behavior [ RunTime:-0.000683s ]
INFO: [ app_begin ] --END-- [ RunTime:0.000807s ]
SQL: SHOW COLUMNS FROM `lu_user` [ RunTime:0.026486s ]

[ 2014-07-10T17:14:26+08:00 ] 127.0.0.1 /sscode/index.php/User/add
INFO: [ route_check ] --START--
INFO: Run CheckRoute Behavior [ RunTime:0.001164s ]
INFO: [ route_check ] --END-- [ RunTime:0.001322s ]
INFO: [ app_begin ] --START--
INFO: Run ReadHtmlCache Behavior [ RunTime:-0.000716s ]
INFO: [ app_begin ] --END-- [ RunTime:0.000776s ]
SQL: SHOW COLUMNS FROM `lu_user` [ RunTime:0.002268s ]

[ 2014-07-10T17:14:28+08:00 ] 127.0.0.1 /sscode/index.php/User/add
INFO: [ route_check ] --START--
INFO: Run CheckRoute Behavior [ RunTime:0.001161s ]
INFO: [ route_check ] --END-- [ RunTime:0.001394s ]
INFO: [ app_begin ] --START--
INFO: Run ReadHtmlCache Behavior [ RunTime:-0.000813s ]
INFO: [ app_begin ] --END-- [ RunTime:0.000772s ]
SQL: SHOW COLUMNS FROM `lu_user` [ RunTime:0.013904s ]

[ 2014-07-10T17:15:14+08:00 ] 127.0.0.1 /sscode/index.php/User/add
INFO: [ route_check ] --START--
INFO: Run CheckRoute Behavior [ RunTime:0.000856s ]
INFO: [ route_check ] --END-- [ RunTime:0.001007s ]
INFO: [ app_begin ] --START--
INFO: Run ReadHtmlCache Behavior [ RunTime:-0.000768s ]
INFO: [ app_begin ] --END-- [ RunTime:0.000768s ]
SQL: SHOW COLUMNS FROM `lu_user` [ RunTime:0.003126s ]

[ 2014-07-10T17:21:01+08:00 ] 127.0.0.1 /sscode/index.php/User/reg
INFO: [ route_check ] --START--
INFO: Run CheckRoute Behavior [ RunTime:0.000998s ]
INFO: [ route_check ] --END-- [ RunTime:0.001153s ]
INFO: [ app_begin ] --START--
INFO: Run ReadHtmlCache Behavior [ RunTime:-0.000852s ]
INFO: [ app_begin ] --END-- [ RunTime:0.000976s ]
INFO: [ view_template ] --START--
INFO: Run LocationTemplate Behavior [ RunTime:-0.003231s ]
INFO: [ view_template ] --END-- [ RunTime:0.012156s ]
INFO: [ view_parse ] --START--
INFO: Run ParseTemplate Behavior [ RunTime:-0.015491s ]
INFO: [ view_parse ] --END-- [ RunTime:0.057078s ]
INFO: [ view_filter ] --START--
INFO: Run ContentReplace Behavior [ RunTime:-0.072662s ]
INFO: Run TokenBuild Behavior [ RunTime:-0.073432s ]
INFO: Run WriteHtmlCache Behavior [ RunTime:-0.074274s ]
INFO: Run ShowRuntime Behavior [ RunTime:-0.074828s ]
INFO: [ view_filter ] --END-- [ RunTime:0.003063s ]
INFO: [ view_end ] --START--
INFO: Run ShowPageTrace Behavior [ RunTime:-0.075877s ]
INFO: [ view_end ] --END-- [ RunTime:0.001015s ]

[ 2014-07-10T17:21:05+08:00 ] 127.0.0.1 /sscode/index.php/User/add
INFO: [ route_check ] --START--
INFO: Run CheckRoute Behavior [ RunTime:0.000875s ]
INFO: [ route_check ] --END-- [ RunTime:0.001026s ]
INFO: [ app_begin ] --START--
INFO: Run ReadHtmlCache Behavior [ RunTime:-0.000755s ]
INFO: [ app_begin ] --END-- [ RunTime:0.000790s ]
SQL: SHOW COLUMNS FROM `lu_user` [ RunTime:0.087018s ]

[ 2014-07-10T17:22:06+08:00 ] 127.0.0.1 /sscode/index.php/User/add
INFO: [ route_check ] --START--
INFO: Run CheckRoute Behavior [ RunTime:0.001416s ]
INFO: [ route_check ] --END-- [ RunTime:0.001577s ]
INFO: [ app_begin ] --START--
INFO: Run ReadHtmlCache Behavior [ RunTime:-0.000999s ]
INFO: [ app_begin ] --END-- [ RunTime:0.001366s ]
SQL: SHOW COLUMNS FROM `lu_user` [ RunTime:0.002587s ]

[ 2014-07-10T17:25:30+08:00 ] 127.0.0.1 /sscode/index.php/User/add
INFO: [ route_check ] --START--
INFO: Run CheckRoute Behavior [ RunTime:0.001095s ]
INFO: [ route_check ] --END-- [ RunTime:0.001252s ]
INFO: [ app_begin ] --START--
INFO: Run ReadHtmlCache Behavior [ RunTime:-0.000844s ]
INFO: [ app_begin ] --END-- [ RunTime:0.000826s ]
SQL: SHOW COLUMNS FROM `lu_user` [ RunTime:0.003152s ]
SQL: SELECT * FROM `lu_user`  [ RunTime:0.032941s ]

[ 2014-07-10T17:26:09+08:00 ] 127.0.0.1 /sscode/index.php/User/add
INFO: [ route_check ] --START--
INFO: Run CheckRoute Behavior [ RunTime:0.000998s ]
INFO: [ route_check ] --END-- [ RunTime:0.001155s ]
INFO: [ app_begin ] --START--
INFO: Run ReadHtmlCache Behavior [ RunTime:-0.000878s ]
INFO: [ app_begin ] --END-- [ RunTime:0.000847s ]
SQL: SHOW COLUMNS FROM `lu_user` [ RunTime:0.003118s ]

[ 2014-07-10T17:26:19+08:00 ] 127.0.0.1 /sscode/index.php/User/add
INFO: [ route_check ] --START--
INFO: Run CheckRoute Behavior [ RunTime:0.001065s ]
INFO: [ route_check ] --END-- [ RunTime:0.001227s ]
INFO: [ app_begin ] --START--
INFO: Run ReadHtmlCache Behavior [ RunTime:-0.000858s ]
INFO: [ app_begin ] --END-- [ RunTime:0.000837s ]
SQL: SHOW COLUMNS FROM `lu_user` [ RunTime:0.002936s ]

[ 2014-07-10T17:26:30+08:00 ] 127.0.0.1 /sscode/index.php/User/add
INFO: [ route_check ] --START--
INFO: Run CheckRoute Behavior [ RunTime:0.000984s ]
INFO: [ route_check ] --END-- [ RunTime:0.001151s ]
INFO: [ app_begin ] --START--
INFO: Run ReadHtmlCache Behavior [ RunTime:-0.000727s ]
INFO: [ app_begin ] --END-- [ RunTime:0.000934s ]
SQL: SHOW COLUMNS FROM `lu_user` [ RunTime:0.002613s ]

[ 2014-07-10T17:26:44+08:00 ] 127.0.0.1 /sscode/index.php/User/add
INFO: [ route_check ] --START--
INFO: Run CheckRoute Behavior [ RunTime:0.000875s ]
INFO: [ route_check ] --END-- [ RunTime:0.001029s ]
INFO: [ app_begin ] --START--
INFO: Run ReadHtmlCache Behavior [ RunTime:-0.000689s ]
INFO: [ app_begin ] --END-- [ RunTime:0.000763s ]
SQL: SHOW COLUMNS FROM `lu_user` [ RunTime:0.002685s ]
SQL: INSERT INTO `lu_user` (`username`,`password`) VALUES ('admin','admin') [ RunTime:0.002040s ]

[ 2014-07-10T17:29:10+08:00 ] 127.0.0.1 /sscode/index.php/User/reg
INFO: [ route_check ] --START--
INFO: Run CheckRoute Behavior [ RunTime:0.001000s ]
INFO: [ route_check ] --END-- [ RunTime:0.001151s ]
INFO: [ app_begin ] --START--
INFO: Run ReadHtmlCache Behavior [ RunTime:-0.000833s ]
INFO: [ app_begin ] --END-- [ RunTime:0.000841s ]
INFO: [ view_template ] --START--
INFO: Run LocationTemplate Behavior [ RunTime:-0.002817s ]
INFO: [ view_template ] --END-- [ RunTime:0.000823s ]
INFO: [ view_parse ] --START--
INFO: Run ParseTemplate Behavior [ RunTime:-0.003744s ]
INFO: [ view_parse ] --END-- [ RunTime:0.008261s ]
INFO: [ view_filter ] --START--
INFO: Run ContentReplace Behavior [ RunTime:-0.012103s ]
INFO: Run TokenBuild Behavior [ RunTime:-0.012669s ]
INFO: Run WriteHtmlCache Behavior [ RunTime:-0.013260s ]
INFO: Run ShowRuntime Behavior [ RunTime:-0.013660s ]
INFO: [ view_filter ] --END-- [ RunTime:0.002338s ]
INFO: [ view_end ] --START--
INFO: Run ShowPageTrace Behavior [ RunTime:-0.014588s ]
INFO: [ view_end ] --END-- [ RunTime:0.000862s ]

[ 2014-07-10T17:29:11+08:00 ] 127.0.0.1 /sscode/index.php/User/add
INFO: [ route_check ] --START--
INFO: Run CheckRoute Behavior [ RunTime:0.001138s ]
INFO: [ route_check ] --END-- [ RunTime:0.001292s ]
INFO: [ app_begin ] --START--
INFO: Run ReadHtmlCache Behavior [ RunTime:-0.000707s ]
INFO: [ app_begin ] --END-- [ RunTime:0.000755s ]
SQL: SHOW COLUMNS FROM `lu_user` [ RunTime:0.002992s ]

[ 2014-07-10T17:29:15+08:00 ] 127.0.0.1 /sscode/index.php/User/add
INFO: [ route_check ] --START--
INFO: Run CheckRoute Behavior [ RunTime:0.000857s ]
INFO: [ route_check ] --END-- [ RunTime:0.001047s ]
INFO: [ app_begin ] --START--
INFO: Run ReadHtmlCache Behavior [ RunTime:-0.000698s ]
INFO: [ app_begin ] --END-- [ RunTime:0.000821s ]
SQL: SHOW COLUMNS FROM `lu_user` [ RunTime:0.002965s ]

[ 2014-07-10T17:29:30+08:00 ] 127.0.0.1 /sscode/index.php/User/reg
INFO: [ route_check ] --START--
INFO: Run CheckRoute Behavior [ RunTime:0.000922s ]
INFO: [ route_check ] --END-- [ RunTime:0.001091s ]
INFO: [ app_begin ] --START--
INFO: Run ReadHtmlCache Behavior [ RunTime:-0.000698s ]
INFO: [ app_begin ] --END-- [ RunTime:0.000769s ]
INFO: [ view_template ] --START--
INFO: Run LocationTemplate Behavior [ RunTime:-0.002324s ]
INFO: [ view_template ] --END-- [ RunTime:0.000558s ]
INFO: [ view_parse ] --START--
INFO: Run ParseTemplate Behavior [ RunTime:-0.002993s ]
INFO: [ view_parse ] --END-- [ RunTime:0.007195s ]
INFO: [ view_filter ] --START--
INFO: Run ContentReplace Behavior [ RunTime:-0.010284s ]
INFO: Run TokenBuild Behavior [ RunTime:-0.010767s ]
INFO: Run WriteHtmlCache Behavior [ RunTime:-0.011255s ]
INFO: Run ShowRuntime Behavior [ RunTime:-0.011567s ]
INFO: [ view_filter ] --END-- [ RunTime:0.001994s ]
INFO: [ view_end ] --START--
INFO: Run ShowPageTrace Behavior [ RunTime:-0.012426s ]
INFO: [ view_end ] --END-- [ RunTime:0.000796s ]

[ 2014-07-10T17:29:31+08:00 ] 127.0.0.1 /sscode/index.php/User/add
INFO: [ route_check ] --START--
INFO: Run CheckRoute Behavior [ RunTime:0.000864s ]
INFO: [ route_check ] --END-- [ RunTime:0.001017s ]
INFO: [ app_begin ] --START--
INFO: Run ReadHtmlCache Behavior [ RunTime:-0.000691s ]
INFO: [ app_begin ] --END-- [ RunTime:0.000750s ]
SQL: SHOW COLUMNS FROM `lu_user` [ RunTime:0.002404s ]

[ 2014-07-10T17:30:16+08:00 ] 127.0.0.1 /sscode/index.php/User/add
INFO: [ route_check ] --START--
INFO: Run CheckRoute Behavior [ RunTime:0.000898s ]
INFO: [ route_check ] --END-- [ RunTime:0.001855s ]
INFO: [ app_begin ] --START--
INFO: Run ReadHtmlCache Behavior [ RunTime:-0.000703s ]
INFO: [ app_begin ] --END-- [ RunTime:0.000854s ]
SQL: SHOW COLUMNS FROM `lu_user` [ RunTime:0.002647s ]

[ 2014-07-10T17:30:52+08:00 ] 127.0.0.1 /sscode/index.php/User/add
INFO: [ route_check ] --START--
INFO: Run CheckRoute Behavior [ RunTime:0.000830s ]
INFO: [ route_check ] --END-- [ RunTime:0.001007s ]
INFO: [ app_begin ] --START--
INFO: Run ReadHtmlCache Behavior [ RunTime:-0.000691s ]
INFO: [ app_begin ] --END-- [ RunTime:0.000754s ]
SQL: SHOW COLUMNS FROM `lu_user` [ RunTime:0.002508s ]

[ 2014-07-10T17:31:12+08:00 ] 127.0.0.1 /sscode/index.php/User/add
INFO: [ route_check ] --START--
INFO: Run CheckRoute Behavior [ RunTime:0.000976s ]
INFO: [ route_check ] --END-- [ RunTime:0.001131s ]
INFO: [ app_begin ] --START--
INFO: Run ReadHtmlCache Behavior [ RunTime:-0.000825s ]
INFO: [ app_begin ] --END-- [ RunTime:0.000835s ]
SQL: SHOW COLUMNS FROM `lu_user` [ RunTime:0.003142s ]

[ 2014-07-10T17:35:34+08:00 ] 127.0.0.1 /sscode/index.php/User/login
INFO: [ route_check ] --START--
INFO: Run CheckRoute Behavior [ RunTime:0.000847s ]
INFO: [ route_check ] --END-- [ RunTime:0.000998s ]
INFO: [ app_begin ] --START--
INFO: Run ReadHtmlCache Behavior [ RunTime:-0.000703s ]
INFO: [ app_begin ] --END-- [ RunTime:0.000749s ]
SQL: SHOW COLUMNS FROM `lu_user` [ RunTime:0.002652s ]

[ 2014-07-10T17:38:20+08:00 ] 127.0.0.1 /sscode/index.php/User/login
INFO: [ route_check ] --START--
INFO: Run CheckRoute Behavior [ RunTime:0.000849s ]
INFO: [ route_check ] --END-- [ RunTime:0.001001s ]
INFO: [ app_begin ] --START--
INFO: Run ReadHtmlCache Behavior [ RunTime:-0.000686s ]
INFO: [ app_begin ] --END-- [ RunTime:0.000793s ]
SQL: SHOW COLUMNS FROM `lu_user` [ RunTime:0.002336s ]
SQL: SELECT * FROM `lu_user`  [ RunTime:0.000423s ]

[ 2014-07-10T17:38:28+08:00 ] 127.0.0.1 /sscode/index.php/User/login
INFO: [ route_check ] --START--
INFO: Run CheckRoute Behavior [ RunTime:0.001033s ]
INFO: [ route_check ] --END-- [ RunTime:0.001190s ]
INFO: [ app_begin ] --START--
INFO: Run ReadHtmlCache Behavior [ RunTime:-0.000833s ]
INFO: [ app_begin ] --END-- [ RunTime:0.000828s ]
SQL: SHOW COLUMNS FROM `lu_user` [ RunTime:0.002547s ]
SQL: SELECT * FROM `lu_user`  [ RunTime:0.000444s ]

[ 2014-07-10T17:41:17+08:00 ] 127.0.0.1 /sscode/index.php/User/login
INFO: [ route_check ] --START--
INFO: Run CheckRoute Behavior [ RunTime:0.000824s ]
INFO: [ route_check ] --END-- [ RunTime:0.000981s ]
INFO: [ app_begin ] --START--
INFO: Run ReadHtmlCache Behavior [ RunTime:-0.000696s ]
INFO: [ app_begin ] --END-- [ RunTime:0.000822s ]
SQL: SHOW COLUMNS FROM `lu_user` [ RunTime:0.002261s ]
NOTIC: [2] Invalid argument supplied for foreach() D:\wuliao\wamp\www\ThinkPHP\Lib\Core\Db.class.php 第 396 行.
SQL: SELECT * FROM `lu_user`  [ RunTime:0.000389s ]

[ 2014-07-10T17:41:23+08:00 ] 127.0.0.1 /sscode/index.php/User/login
INFO: [ route_check ] --START--
INFO: Run CheckRoute Behavior [ RunTime:0.000890s ]
INFO: [ route_check ] --END-- [ RunTime:0.001045s ]
INFO: [ app_begin ] --START--
INFO: Run ReadHtmlCache Behavior [ RunTime:-0.000723s ]
INFO: [ app_begin ] --END-- [ RunTime:0.000894s ]
SQL: SHOW COLUMNS FROM `lu_user` [ RunTime:0.002289s ]
NOTIC: [2] Invalid argument supplied for foreach() D:\wuliao\wamp\www\ThinkPHP\Lib\Core\Db.class.php 第 396 行.
SQL: SELECT * FROM `lu_user`  [ RunTime:0.000386s ]

[ 2014-07-10T17:43:11+08:00 ] 127.0.0.1 /sscode/index.php/User/login
INFO: [ route_check ] --START--
INFO: Run CheckRoute Behavior [ RunTime:0.000972s ]
INFO: [ route_check ] --END-- [ RunTime:0.001124s ]
INFO: [ app_begin ] --START--
INFO: Run ReadHtmlCache Behavior [ RunTime:-0.000805s ]
INFO: [ app_begin ] --END-- [ RunTime:0.000811s ]
SQL: SHOW COLUMNS FROM `lu_user` [ RunTime:0.002646s ]
SQL: SELECT * FROM `lu_user` WHERE ( `username` = 'luqian' )  [ RunTime:0.018191s ]

[ 2014-07-10T17:56:18+08:00 ] 127.0.0.1 /sscode/index.php/User/add
INFO: [ route_check ] --START--
INFO: Run CheckRoute Behavior [ RunTime:0.000979s ]
INFO: [ route_check ] --END-- [ RunTime:0.001135s ]
INFO: [ app_begin ] --START--
INFO: Run ReadHtmlCache Behavior [ RunTime:-0.000846s ]
INFO: [ app_begin ] --END-- [ RunTime:0.000822s ]
SQL: SHOW COLUMNS FROM `lu_user` [ RunTime:0.076043s ]
SQL: INSERT INTO `lu_user` (`username`,`password`) VALUES ('','123') [ RunTime:0.031388s ]

