[ 2014-07-07T11:19:26+08:00 ] ERR: (ThinkException) 模板不存在[./App/Tpl/Index/ceshi.html]
[ 2014-07-07T11:20:32+08:00 ] 127.0.0.1 /sscode/index.php/Index/ceshi
INFO: [ route_check ] --START--
INFO: Run CheckRoute Behavior [ RunTime:0.001076s ]
INFO: [ route_check ] --END-- [ RunTime:0.001231s ]
INFO: [ app_begin ] --START--
INFO: Run ReadHtmlCache Behavior [ RunTime:-0.000808s ]
INFO: [ app_begin ] --END-- [ RunTime:0.000947s ]
INFO: [ view_template ] --START--
INFO: Run LocationTemplate Behavior [ RunTime:-0.003047s ]
INFO: [ view_template ] --END-- [ RunTime:0.000974s ]
INFO: [ view_parse ] --START--
INFO: Run ParseTemplate Behavior [ RunTime:-0.004132s ]
INFO: [ view_parse ] --END-- [ RunTime:0.034055s ]
INFO: [ view_filter ] --START--
INFO: Run ContentReplace Behavior [ RunTime:-0.038289s ]
INFO: Run TokenBuild Behavior [ RunTime:-0.039276s ]
INFO: Run WriteHtmlCache Behavior [ RunTime:-0.040301s ]
INFO: Run ShowRuntime Behavior [ RunTime:-0.041099s ]
INFO: [ view_filter ] --END-- [ RunTime:0.003965s ]
INFO: [ view_end ] --START--
INFO: Run ShowPageTrace Behavior [ RunTime:-0.042415s ]
INFO: [ view_end ] --END-- [ RunTime:0.001202s ]

[ 2014-07-07T11:20:32+08:00 ] ERR: (ThinkException) 非法操作:css
[ 2014-07-07T11:20:32+08:00 ] ERR: (ThinkException) 非法操作:css
[ 2014-07-07T11:20:32+08:00 ] ERR: (ThinkException) 非法操作:css
[ 2014-07-07T11:20:32+08:00 ] ERR: (ThinkException) 非法操作:js
[ 2014-07-07T11:20:32+08:00 ] ERR: (ThinkException) 非法操作:js
[ 2014-07-07T11:20:32+08:00 ] ERR: (ThinkException) 非法操作:js
[ 2014-07-07T11:20:32+08:00 ] ERR: (ThinkException) 非法操作:js
[ 2014-07-07T11:20:32+08:00 ] ERR: (ThinkException) 非法操作:js
[ 2014-07-07T11:20:32+08:00 ] ERR: (ThinkException) 非法操作:js
[ 2014-07-07T11:20:32+08:00 ] ERR: (ThinkException) 非法操作:js
[ 2014-07-07T11:20:32+08:00 ] ERR: (ThinkException) 非法操作:js
[ 2014-07-07T11:20:32+08:00 ] ERR: (ThinkException) 非法操作:images
[ 2014-07-07T11:20:32+08:00 ] ERR: (ThinkException) 非法操作:images
[ 2014-07-07T11:20:32+08:00 ] ERR: (ThinkException) 非法操作:images
[ 2014-07-07T11:20:32+08:00 ] ERR: (ThinkException) 非法操作:images
[ 2014-07-07T11:20:32+08:00 ] ERR: (ThinkException) 非法操作:images
[ 2014-07-07T11:20:32+08:00 ] ERR: (ThinkException) 非法操作:images
[ 2014-07-07T11:20:32+08:00 ] ERR: (ThinkException) 非法操作:images
[ 2014-07-07T11:20:32+08:00 ] ERR: (ThinkException) 非法操作:images
[ 2014-07-07T11:20:32+08:00 ] ERR: (ThinkException) 非法操作:images
[ 2014-07-07T11:20:32+08:00 ] ERR: (ThinkException) 非法操作:images
[ 2014-07-07T11:20:33+08:00 ] ERR: (ThinkException) 非法操作:images
[ 2014-07-07T11:20:33+08:00 ] ERR: (ThinkException) 非法操作:images
[ 2014-07-07T11:20:33+08:00 ] ERR: (ThinkException) 非法操作:images
[ 2014-07-07T11:20:33+08:00 ] ERR: (ThinkException) 非法操作:images
[ 2014-07-07T11:20:33+08:00 ] ERR: (ThinkException) 非法操作:images
[ 2014-07-07T11:20:33+08:00 ] ERR: (ThinkException) 非法操作:images
[ 2014-07-07T11:38:48+08:00 ] ERR: (ThinkException) 无法加载模块:Index
[ 2014-07-07T11:39:54+08:00 ] 127.0.0.1 /sscode/
INFO: [ app_begin ] --START--
INFO: Run ReadHtmlCache Behavior [ RunTime:0.000824s ]
INFO: [ app_begin ] --END-- [ RunTime:0.001010s ]
INFO: [ view_parse ] --START--
INFO: Run ParseTemplate Behavior [ RunTime:-0.001522s ]
INFO: [ view_parse ] --END-- [ RunTime:0.008945s ]
INFO: [ view_filter ] --START--
INFO: Run ContentReplace Behavior [ RunTime:-0.010551s ]
INFO: Run TokenBuild Behavior [ RunTime:-0.011165s ]
INFO: Run WriteHtmlCache Behavior [ RunTime:-0.011802s ]
INFO: Run ShowRuntime Behavior [ RunTime:-0.012247s ]
INFO: [ view_filter ] --END-- [ RunTime:0.002483s ]
INFO: [ view_end ] --START--
INFO: Run ShowPageTrace Behavior [ RunTime:-0.013172s ]
INFO: [ view_end ] --END-- [ RunTime:0.001017s ]

[ 2014-07-07T11:39:56+08:00 ] 127.0.0.1 /sscode/
INFO: [ app_begin ] --START--
INFO: Run ReadHtmlCache Behavior [ RunTime:0.000770s ]
INFO: [ app_begin ] --END-- [ RunTime:0.000933s ]
INFO: [ view_parse ] --START--
INFO: Run ParseTemplate Behavior [ RunTime:-0.001558s ]
INFO: [ view_parse ] --END-- [ RunTime:0.008707s ]
INFO: [ view_filter ] --START--
INFO: Run ContentReplace Behavior [ RunTime:-0.010352s ]
INFO: Run TokenBuild Behavior [ RunTime:-0.010962s ]
INFO: Run WriteHtmlCache Behavior [ RunTime:-0.011725s ]
INFO: Run ShowRuntime Behavior [ RunTime:-0.012332s ]
INFO: [ view_filter ] --END-- [ RunTime:0.002984s ]
INFO: [ view_end ] --START--
INFO: Run ShowPageTrace Behavior [ RunTime:-0.013497s ]
INFO: [ view_end ] --END-- [ RunTime:0.000914s ]

[ 2014-07-07T11:54:46+08:00 ] ERR: (ThinkException) 无法加载模块:group
[ 2014-07-07T11:56:44+08:00 ] 127.0.0.1 /sscode/index.php/Group/add
INFO: [ route_check ] --START--
INFO: Run CheckRoute Behavior [ RunTime:0.000984s ]
INFO: [ route_check ] --END-- [ RunTime:0.001136s ]
INFO: [ app_begin ] --START--
INFO: Run ReadHtmlCache Behavior [ RunTime:-0.000793s ]
INFO: [ app_begin ] --END-- [ RunTime:0.000916s ]

[ 2014-07-07T11:56:47+08:00 ] ERR: (ThinkException) 无法加载模块:group
[ 2014-07-07T11:56:49+08:00 ] 127.0.0.1 /sscode/index.php/Group/add
INFO: [ route_check ] --START--
INFO: Run CheckRoute Behavior [ RunTime:0.001610s ]
INFO: [ route_check ] --END-- [ RunTime:0.001765s ]
INFO: [ app_begin ] --START--
INFO: Run ReadHtmlCache Behavior [ RunTime:-0.000792s ]
INFO: [ app_begin ] --END-- [ RunTime:0.000915s ]

[ 2014-07-07T11:57:54+08:00 ] 127.0.0.1 /sscode/index.php/Group/add
INFO: [ route_check ] --START--
INFO: Run CheckRoute Behavior [ RunTime:0.000993s ]
INFO: [ route_check ] --END-- [ RunTime:0.001162s ]
INFO: [ app_begin ] --START--
INFO: Run ReadHtmlCache Behavior [ RunTime:-0.000808s ]
INFO: [ app_begin ] --END-- [ RunTime:0.000901s ]

[ 2014-07-07T11:58:02+08:00 ] 127.0.0.1 /sscode/index.php/group/add
INFO: [ route_check ] --START--
INFO: Run CheckRoute Behavior [ RunTime:0.001106s ]
INFO: [ route_check ] --END-- [ RunTime:0.001266s ]
INFO: [ app_begin ] --START--
INFO: Run ReadHtmlCache Behavior [ RunTime:-0.000816s ]
INFO: [ app_begin ] --END-- [ RunTime:0.000911s ]

