[ 2014-07-18T08:32:44+08:00 ] 127.0.0.1 /sscode/index.php
INFO: [ app_begin ] --START--
INFO: Run ReadHtmlCache Behavior [ RunTime:0.001290s ]
INFO: [ app_begin ] --END-- [ RunTime:0.001688s ]
INFO: [ view_parse ] --START--
INFO: Run ParseTemplate Behavior [ RunTime:-0.053282s ]
INFO: [ view_parse ] --END-- [ RunTime:0.053392s ]
INFO: [ view_filter ] --START--
INFO: Run ContentReplace Behavior [ RunTime:-0.106761s ]
INFO: Run TokenBuild Behavior [ RunTime:-0.107804s ]
INFO: Run WriteHtmlCache Behavior [ RunTime:-0.108882s ]
INFO: Run ShowRuntime Behavior [ RunTime:-0.109576s ]
INFO: [ view_filter ] --END-- [ RunTime:0.004058s ]
INFO: [ view_end ] --START--
INFO: Run ShowPageTrace Behavior [ RunTime:-0.110954s ]
INFO: [ view_end ] --END-- [ RunTime:0.001072s ]

[ 2014-07-18T08:32:51+08:00 ] 127.0.0.1 /sscode/index.php/User/test?user_id=1
INFO: [ route_check ] --START--
INFO: Run CheckRoute Behavior [ RunTime:0.017506s ]
INFO: [ route_check ] --END-- [ RunTime:0.017667s ]
INFO: [ app_begin ] --START--
INFO: Run ReadHtmlCache Behavior [ RunTime:-0.000866s ]
INFO: [ app_begin ] --END-- [ RunTime:0.000891s ]
SQL: SHOW COLUMNS FROM `lu_item` [ RunTime:0.112160s ]
SQL: SHOW COLUMNS FROM `lu_group` [ RunTime:0.051986s ]
SQL: SELECT `group_id` FROM `lu_item` WHERE ( `user_id` = 1 )  [ RunTime:0.011810s ]
SQL: SELECT * FROM `lu_group` WHERE ( `group_id` = 1 ) LIMIT 1   [ RunTime:0.000422s ]
SQL: SELECT * FROM `lu_group` WHERE ( `group_id` = 2 ) LIMIT 1   [ RunTime:0.000408s ]

