[ 2014-07-22T08:36:05+08:00 ] 192.168.0.126 /sscode/index.php/User/exitUser?token=af39fc82ef715eeb09dc12220cea5518&phone_num=15936201059
INFO: [ route_check ] --START--
INFO: Run CheckRoute Behavior [ RunTime:0.001362s ]
INFO: [ route_check ] --END-- [ RunTime:0.013166s ]
INFO: [ app_begin ] --START--
INFO: Run ReadHtmlCache Behavior [ RunTime:-0.043542s ]
INFO: [ app_begin ] --END-- [ RunTime:0.021763s ]

[ 2014-07-22T08:36:40+08:00 ] 192.168.0.126 /sscode/index.php/User/login
INFO: [ route_check ] --START--
INFO: Run CheckRoute Behavior [ RunTime:0.000838s ]
INFO: [ route_check ] --END-- [ RunTime:0.000990s ]
INFO: [ app_begin ] --START--
INFO: Run ReadHtmlCache Behavior [ RunTime:-0.000684s ]
INFO: [ app_begin ] --END-- [ RunTime:0.000772s ]
SQL: SHOW COLUMNS FROM `lu_user` [ RunTime:0.075040s ]
SQL: SELECT `user_id`,`username`,`phone_num` FROM `lu_user` WHERE ( `phone_num` = '15936201059' ) AND ( `password` = 'a384b6463fc216a5f8ecb6670f86456a' )  [ RunTime:0.004413s ]

[ 2014-07-22T08:36:41+08:00 ] 192.168.0.126 /sscode/index.php/User/test?user_id=1
INFO: [ route_check ] --START--
INFO: Run CheckRoute Behavior [ RunTime:0.001346s ]
INFO: [ route_check ] --END-- [ RunTime:0.001504s ]
INFO: [ app_begin ] --START--
INFO: Run ReadHtmlCache Behavior [ RunTime:-0.000848s ]
INFO: [ app_begin ] --END-- [ RunTime:0.000832s ]
SQL: SHOW COLUMNS FROM `lu_item` [ RunTime:0.037233s ]
SQL: SHOW COLUMNS FROM `lu_group` [ RunTime:0.037358s ]
SQL: SELECT `group_id` FROM `lu_item` WHERE ( `user_id` = 1 )  [ RunTime:0.005026s ]
SQL: SELECT * FROM `lu_group` WHERE ( `group_id` = 1 ) LIMIT 1   [ RunTime:0.000307s ]
SQL: SELECT * FROM `lu_group` WHERE ( `group_id` = 2 ) LIMIT 1   [ RunTime:0.000319s ]

[ 2014-07-22T08:36:42+08:00 ] 192.168.0.126 /sscode/index.php/User/selectUserAtGroup?group_id=2
INFO: [ route_check ] --START--
INFO: Run CheckRoute Behavior [ RunTime:0.000888s ]
INFO: [ route_check ] --END-- [ RunTime:0.001069s ]
INFO: [ app_begin ] --START--
INFO: Run ReadHtmlCache Behavior [ RunTime:-0.000849s ]
INFO: [ app_begin ] --END-- [ RunTime:0.000850s ]
SQL: SHOW COLUMNS FROM `lu_item` [ RunTime:0.024592s ]
SQL: SELECT `user_id` FROM `lu_item` WHERE ( `group_id` = 2 )  [ RunTime:0.000578s ]
SQL: SHOW COLUMNS FROM `lu_user` [ RunTime:0.004323s ]
SQL: SELECT `user_id`,`username`,`phone_num` FROM `lu_user` WHERE ( `user_id` = 1 ) LIMIT 1   [ RunTime:0.000407s ]

[ 2014-07-22T08:36:42+08:00 ] 192.168.0.126 /sscode/index.php/User/selectUserAtGroup?group_id=1
INFO: [ route_check ] --START--
INFO: Run CheckRoute Behavior [ RunTime:0.000939s ]
INFO: [ route_check ] --END-- [ RunTime:0.001132s ]
INFO: [ app_begin ] --START--
INFO: Run ReadHtmlCache Behavior [ RunTime:-0.000859s ]
INFO: [ app_begin ] --END-- [ RunTime:0.000908s ]
SQL: SHOW COLUMNS FROM `lu_item` [ RunTime:0.024644s ]
SQL: SELECT `user_id` FROM `lu_item` WHERE ( `group_id` = 1 )  [ RunTime:0.000539s ]
SQL: SHOW COLUMNS FROM `lu_user` [ RunTime:0.005622s ]
SQL: SELECT `user_id`,`username`,`phone_num` FROM `lu_user` WHERE ( `user_id` = 1 ) LIMIT 1   [ RunTime:0.000437s ]

[ 2014-07-22T08:39:49+08:00 ] 192.168.0.126 /sscode/index.php/Group/searchGroup?key=%E9%83%91
INFO: [ route_check ] --START--
INFO: Run CheckRoute Behavior [ RunTime:0.000899s ]
INFO: [ route_check ] --END-- [ RunTime:0.001057s ]
INFO: [ app_begin ] --START--
INFO: Run ReadHtmlCache Behavior [ RunTime:-0.000702s ]
INFO: [ app_begin ] --END-- [ RunTime:0.000765s ]
SQL: SHOW COLUMNS FROM `lu_group` [ RunTime:0.003462s ]
SQL: SELECT * FROM `lu_group` WHERE ( `groupname` LIKE '%郑%' ) LIMIT 10   [ RunTime:0.000503s ]

[ 2014-07-22T08:40:05+08:00 ] 192.168.0.126 /sscode/index.php/User/validate?token=qgpgsq9qurj9rrvfagq558efs5&username=wuliao
INFO: [ route_check ] --START--
INFO: Run CheckRoute Behavior [ RunTime:0.001124s ]
INFO: [ route_check ] --END-- [ RunTime:0.001287s ]
INFO: [ app_begin ] --START--
INFO: Run ReadHtmlCache Behavior [ RunTime:-0.000706s ]
INFO: [ app_begin ] --END-- [ RunTime:0.000761s ]
SQL: SHOW COLUMNS FROM `lu_user` [ RunTime:0.002220s ]

[ 2014-07-22T08:40:45+08:00 ] 192.168.0.126 /sscode/index.php/User/validate?token=qgpgsq9qurj9rrvfagq558efs5&username=wuliao
INFO: [ route_check ] --START--
INFO: Run CheckRoute Behavior [ RunTime:0.001149s ]
INFO: [ route_check ] --END-- [ RunTime:0.001318s ]
INFO: [ app_begin ] --START--
INFO: Run ReadHtmlCache Behavior [ RunTime:-0.001015s ]
INFO: [ app_begin ] --END-- [ RunTime:0.001006s ]
SQL: SHOW COLUMNS FROM `lu_user` [ RunTime:0.002778s ]

[ 2014-07-22T08:40:45+08:00 ] 192.168.0.126 /sscode/index.php/Item/index
INFO: [ route_check ] --START--
INFO: Run CheckRoute Behavior [ RunTime:0.001034s ]
INFO: [ route_check ] --END-- [ RunTime:0.001194s ]
INFO: [ app_begin ] --START--
INFO: Run ReadHtmlCache Behavior [ RunTime:-0.000708s ]
INFO: [ app_begin ] --END-- [ RunTime:0.000769s ]
SQL: SHOW COLUMNS FROM `lu_item` [ RunTime:0.003224s ]
SQL: SELECT * FROM `lu_item` WHERE ( `group_id` = 2 ) AND ( `user_id` = 1 )  [ RunTime:0.000393s ]

[ 2014-07-22T08:41:09+08:00 ] 192.168.0.126 /sscode/index.php/User/test?user_id=1
INFO: [ route_check ] --START--
INFO: Run CheckRoute Behavior [ RunTime:0.000971s ]
INFO: [ route_check ] --END-- [ RunTime:0.001125s ]
INFO: [ app_begin ] --START--
INFO: Run ReadHtmlCache Behavior [ RunTime:-0.000880s ]
INFO: [ app_begin ] --END-- [ RunTime:0.000831s ]
SQL: SHOW COLUMNS FROM `lu_item` [ RunTime:0.002099s ]
SQL: SHOW COLUMNS FROM `lu_group` [ RunTime:0.002159s ]
SQL: SELECT `group_id` FROM `lu_item` WHERE ( `user_id` = 1 )  [ RunTime:0.000370s ]
SQL: SELECT * FROM `lu_group` WHERE ( `group_id` = 1 ) LIMIT 1   [ RunTime:0.000281s ]
SQL: SELECT * FROM `lu_group` WHERE ( `group_id` = 2 ) LIMIT 1   [ RunTime:0.000278s ]

[ 2014-07-22T08:41:09+08:00 ] 192.168.0.126 /sscode/index.php/User/selectUserAtGroup?group_id=1
INFO: [ route_check ] --START--
INFO: Run CheckRoute Behavior [ RunTime:0.001070s ]
INFO: [ route_check ] --END-- [ RunTime:0.001229s ]
INFO: [ app_begin ] --START--
INFO: Run ReadHtmlCache Behavior [ RunTime:-0.001257s ]
INFO: [ app_begin ] --END-- [ RunTime:0.000920s ]
SQL: SHOW COLUMNS FROM `lu_item` [ RunTime:0.002185s ]
SQL: SELECT `user_id` FROM `lu_item` WHERE ( `group_id` = 1 )  [ RunTime:0.000319s ]
SQL: SHOW COLUMNS FROM `lu_user` [ RunTime:0.002356s ]
SQL: SELECT `user_id`,`username`,`phone_num` FROM `lu_user` WHERE ( `user_id` = 1 ) LIMIT 1   [ RunTime:0.000338s ]

[ 2014-07-22T08:41:09+08:00 ] 192.168.0.126 /sscode/index.php/User/selectUserAtGroup?group_id=2
INFO: [ route_check ] --START--
INFO: Run CheckRoute Behavior [ RunTime:0.000835s ]
INFO: [ route_check ] --END-- [ RunTime:0.000989s ]
INFO: [ app_begin ] --START--
INFO: Run ReadHtmlCache Behavior [ RunTime:-0.000781s ]
INFO: [ app_begin ] --END-- [ RunTime:0.000784s ]
SQL: SHOW COLUMNS FROM `lu_item` [ RunTime:0.002263s ]
SQL: SELECT `user_id` FROM `lu_item` WHERE ( `group_id` = 2 )  [ RunTime:0.000365s ]
SQL: SHOW COLUMNS FROM `lu_user` [ RunTime:0.002396s ]
SQL: SELECT `user_id`,`username`,`phone_num` FROM `lu_user` WHERE ( `user_id` = 1 ) LIMIT 1   [ RunTime:0.000371s ]

[ 2014-07-22T08:41:26+08:00 ] 192.168.0.126 /sscode/index.php/Group/searchGroup?key=%E9%83%91
INFO: [ route_check ] --START--
INFO: Run CheckRoute Behavior [ RunTime:0.001088s ]
INFO: [ route_check ] --END-- [ RunTime:0.001251s ]
INFO: [ app_begin ] --START--
INFO: Run ReadHtmlCache Behavior [ RunTime:-0.000710s ]
INFO: [ app_begin ] --END-- [ RunTime:0.000760s ]
SQL: SHOW COLUMNS FROM `lu_group` [ RunTime:0.002203s ]
SQL: SELECT * FROM `lu_group` WHERE ( `groupname` LIKE '%郑%' ) LIMIT 10   [ RunTime:0.000345s ]

[ 2014-07-22T08:41:33+08:00 ] 192.168.0.126 /sscode/index.php/User/validate?token=qgpgsq9qurj9rrvfagq558efs5&username=wuliao
INFO: [ route_check ] --START--
INFO: Run CheckRoute Behavior [ RunTime:0.001063s ]
INFO: [ route_check ] --END-- [ RunTime:0.001431s ]
INFO: [ app_begin ] --START--
INFO: Run ReadHtmlCache Behavior [ RunTime:-0.000702s ]
INFO: [ app_begin ] --END-- [ RunTime:0.000832s ]
SQL: SHOW COLUMNS FROM `lu_user` [ RunTime:0.002649s ]

[ 2014-07-22T08:41:33+08:00 ] 192.168.0.126 /sscode/index.php/Item/index
INFO: [ route_check ] --START--
INFO: Run CheckRoute Behavior [ RunTime:0.000988s ]
INFO: [ route_check ] --END-- [ RunTime:0.001152s ]
INFO: [ app_begin ] --START--
INFO: Run ReadHtmlCache Behavior [ RunTime:-0.001785s ]
INFO: [ app_begin ] --END-- [ RunTime:0.000935s ]
SQL: SHOW COLUMNS FROM `lu_item` [ RunTime:0.002303s ]
SQL: SELECT * FROM `lu_item` WHERE ( `group_id` = 3 ) AND ( `user_id` = 1 )  [ RunTime:0.000389s ]
SQL: SHOW COLUMNS FROM `lu_item` [ RunTime:0.002176s ]
SQL: INSERT INTO `lu_item` (`group_id`,`user_id`) VALUES (3,1) [ RunTime:0.026025s ]

[ 2014-07-22T08:41:46+08:00 ] 192.168.0.126 /sscode/index.php/User/test?user_id=1
INFO: [ route_check ] --START--
INFO: Run CheckRoute Behavior [ RunTime:0.000945s ]
INFO: [ route_check ] --END-- [ RunTime:0.001106s ]
INFO: [ app_begin ] --START--
INFO: Run ReadHtmlCache Behavior [ RunTime:-0.000722s ]
INFO: [ app_begin ] --END-- [ RunTime:0.000784s ]
SQL: SHOW COLUMNS FROM `lu_item` [ RunTime:0.003276s ]
SQL: SHOW COLUMNS FROM `lu_group` [ RunTime:0.002280s ]
SQL: SELECT `group_id` FROM `lu_item` WHERE ( `user_id` = 1 )  [ RunTime:0.000414s ]
SQL: SELECT * FROM `lu_group` WHERE ( `group_id` = 1 ) LIMIT 1   [ RunTime:0.000322s ]
SQL: SELECT * FROM `lu_group` WHERE ( `group_id` = 2 ) LIMIT 1   [ RunTime:0.000313s ]
SQL: SELECT * FROM `lu_group` WHERE ( `group_id` = 3 ) LIMIT 1   [ RunTime:0.000305s ]

[ 2014-07-22T08:41:47+08:00 ] 192.168.0.126 /sscode/index.php/User/selectUserAtGroup?group_id=3
INFO: [ route_check ] --START--
INFO: Run CheckRoute Behavior [ RunTime:0.000865s ]
INFO: [ route_check ] --END-- [ RunTime:0.001021s ]
INFO: [ app_begin ] --START--
INFO: Run ReadHtmlCache Behavior [ RunTime:-0.000694s ]
INFO: [ app_begin ] --END-- [ RunTime:0.000753s ]
SQL: SHOW COLUMNS FROM `lu_item` [ RunTime:0.002792s ]
SQL: SELECT `user_id` FROM `lu_item` WHERE ( `group_id` = 3 )  [ RunTime:0.000364s ]
SQL: SHOW COLUMNS FROM `lu_user` [ RunTime:0.017290s ]
SQL: SELECT `user_id`,`username`,`phone_num` FROM `lu_user` WHERE ( `user_id` = 1 ) LIMIT 1   [ RunTime:0.000364s ]

[ 2014-07-22T08:41:47+08:00 ] 192.168.0.126 /sscode/index.php/User/selectUserAtGroup?group_id=1
INFO: [ route_check ] --START--
INFO: Run CheckRoute Behavior [ RunTime:0.001692s ]
INFO: [ route_check ] --END-- [ RunTime:0.001857s ]
INFO: [ app_begin ] --START--
INFO: Run ReadHtmlCache Behavior [ RunTime:-0.000954s ]
INFO: [ app_begin ] --END-- [ RunTime:0.000799s ]
SQL: SHOW COLUMNS FROM `lu_item` [ RunTime:0.016663s ]
SQL: SELECT `user_id` FROM `lu_item` WHERE ( `group_id` = 1 )  [ RunTime:0.000762s ]
SQL: SHOW COLUMNS FROM `lu_user` [ RunTime:0.004099s ]
SQL: SELECT `user_id`,`username`,`phone_num` FROM `lu_user` WHERE ( `user_id` = 1 ) LIMIT 1   [ RunTime:0.000370s ]

[ 2014-07-22T08:41:47+08:00 ] 192.168.0.126 /sscode/index.php/User/selectUserAtGroup?group_id=2
INFO: [ route_check ] --START--
INFO: Run CheckRoute Behavior [ RunTime:0.000893s ]
INFO: [ route_check ] --END-- [ RunTime:0.001050s ]
INFO: [ app_begin ] --START--
INFO: Run ReadHtmlCache Behavior [ RunTime:-0.000755s ]
INFO: [ app_begin ] --END-- [ RunTime:0.000920s ]
SQL: SHOW COLUMNS FROM `lu_item` [ RunTime:0.002363s ]
SQL: SELECT `user_id` FROM `lu_item` WHERE ( `group_id` = 2 )  [ RunTime:0.000429s ]
SQL: SHOW COLUMNS FROM `lu_user` [ RunTime:0.002677s ]
SQL: SELECT `user_id`,`username`,`phone_num` FROM `lu_user` WHERE ( `user_id` = 1 ) LIMIT 1   [ RunTime:0.000431s ]

[ 2014-07-22T11:05:12+08:00 ] 192.168.0.126 /sscode/index.php/User/test?user_id=1
INFO: [ route_check ] --START--
INFO: Run CheckRoute Behavior [ RunTime:0.008832s ]
INFO: [ route_check ] --END-- [ RunTime:0.009012s ]
INFO: [ app_begin ] --START--
INFO: Run ReadHtmlCache Behavior [ RunTime:-0.052679s ]
INFO: [ app_begin ] --END-- [ RunTime:0.016302s ]
SQL: SHOW COLUMNS FROM `lu_item` [ RunTime:0.191533s ]
SQL: SHOW COLUMNS FROM `lu_group` [ RunTime:0.002644s ]
SQL: SELECT `group_id` FROM `lu_item` WHERE ( `user_id` = 1 )  [ RunTime:0.000880s ]
SQL: SELECT * FROM `lu_group` WHERE ( `group_id` = 1 ) LIMIT 1   [ RunTime:0.000461s ]
SQL: SELECT * FROM `lu_group` WHERE ( `group_id` = 2 ) LIMIT 1   [ RunTime:0.000575s ]
SQL: SELECT * FROM `lu_group` WHERE ( `group_id` = 3 ) LIMIT 1   [ RunTime:0.000433s ]

[ 2014-07-22T11:05:13+08:00 ] 192.168.0.126 /sscode/index.php/User/selectUserAtGroup?group_id=1
INFO: [ route_check ] --START--
INFO: Run CheckRoute Behavior [ RunTime:0.001215s ]
INFO: [ route_check ] --END-- [ RunTime:0.001375s ]
INFO: [ app_begin ] --START--
INFO: Run ReadHtmlCache Behavior [ RunTime:-0.000858s ]
INFO: [ app_begin ] --END-- [ RunTime:0.000923s ]
SQL: SHOW COLUMNS FROM `lu_item` [ RunTime:0.023611s ]
SQL: SELECT `user_id` FROM `lu_item` WHERE ( `group_id` = 1 )  [ RunTime:0.000385s ]
SQL: SHOW COLUMNS FROM `lu_user` [ RunTime:0.002588s ]
SQL: SELECT `user_id`,`username`,`phone_num` FROM `lu_user` WHERE ( `user_id` = 1 ) LIMIT 1   [ RunTime:0.000486s ]

[ 2014-07-22T11:05:13+08:00 ] 192.168.0.126 /sscode/index.php/User/selectUserAtGroup?group_id=3
INFO: [ route_check ] --START--
INFO: Run CheckRoute Behavior [ RunTime:0.001580s ]
INFO: [ route_check ] --END-- [ RunTime:0.001741s ]
INFO: [ app_begin ] --START--
INFO: Run ReadHtmlCache Behavior [ RunTime:-0.001197s ]
INFO: [ app_begin ] --END-- [ RunTime:0.000885s ]
SQL: SHOW COLUMNS FROM `lu_item` [ RunTime:0.002337s ]
SQL: SELECT `user_id` FROM `lu_item` WHERE ( `group_id` = 3 )  [ RunTime:0.000394s ]
SQL: SHOW COLUMNS FROM `lu_user` [ RunTime:0.003568s ]
SQL: SELECT `user_id`,`username`,`phone_num` FROM `lu_user` WHERE ( `user_id` = 1 ) LIMIT 1   [ RunTime:0.000357s ]

[ 2014-07-22T11:05:13+08:00 ] 192.168.0.126 /sscode/index.php/User/selectUserAtGroup?group_id=2
INFO: [ route_check ] --START--
INFO: Run CheckRoute Behavior [ RunTime:0.001219s ]
INFO: [ route_check ] --END-- [ RunTime:0.001382s ]
INFO: [ app_begin ] --START--
INFO: Run ReadHtmlCache Behavior [ RunTime:-0.000861s ]
INFO: [ app_begin ] --END-- [ RunTime:0.000832s ]
SQL: SHOW COLUMNS FROM `lu_item` [ RunTime:0.002223s ]
SQL: SELECT `user_id` FROM `lu_item` WHERE ( `group_id` = 2 )  [ RunTime:0.000403s ]
SQL: SHOW COLUMNS FROM `lu_user` [ RunTime:0.002354s ]
SQL: SELECT `user_id`,`username`,`phone_num` FROM `lu_user` WHERE ( `user_id` = 1 ) LIMIT 1   [ RunTime:0.000458s ]

